ff-media-tv-app/build/intermediates/manifest_merge_blame_file/debug/processDebugMainManifest/manifest-merger-blame-debug-report.txt
1<?xml version="1.0" encoding="utf-8"?>
2<manifest xmlns:android="http://schemas.android.com/apk/res/android"
3    package="com.faithForward.media"
4    android:versionCode="1"
5    android:versionName="1.0" >
6
7    <uses-sdk
8        android:minSdkVersion="24"
9        android:targetSdkVersion="35" />
10
11    <uses-feature
11-->src\main\AndroidManifest.xml:6:5-8:35
12        android:name="android.software.leanback"
12-->src\main\AndroidManifest.xml:7:9-49
13        android:required="true" />
13-->src\main\AndroidManifest.xml:8:9-32
14    <uses-feature
14-->src\main\AndroidManifest.xml:9:5-11:36
15        android:name="android.hardware.touchscreen"
15-->src\main\AndroidManifest.xml:10:9-52
16        android:required="false" />
16-->src\main\AndroidManifest.xml:11:9-33
17
18    <uses-permission android:name="android.permission.INTERNET" />
18-->src\main\AndroidManifest.xml:13:5-67
18-->src\main\AndroidManifest.xml:13:22-64
19    <uses-permission android:name="android.permission.ACCESS_NETWORK_STATE" />
19-->[androidx.media3:media3-common:1.1.1] AndroidManifest.xml:24:5-79
19-->[androidx.media3:media3-common:1.1.1] AndroidManifest.xml:24:22-76
20    <uses-permission android:name="android.permission.WAKE_LOCK" />
20-->[androidx.work:work-runtime:2.3.4] AndroidManifest.xml:25:5-68
20-->[androidx.work:work-runtime:2.3.4] AndroidManifest.xml:25:22-65
21    <uses-permission android:name="android.permission.RECEIVE_BOOT_COMPLETED" />
21-->[androidx.work:work-runtime:2.3.4] AndroidManifest.xml:27:5-81
21-->[androidx.work:work-runtime:2.3.4] AndroidManifest.xml:27:22-78
22    <uses-permission android:name="android.permission.FOREGROUND_SERVICE" />
22-->[androidx.work:work-runtime:2.3.4] AndroidManifest.xml:28:5-77
22-->[androidx.work:work-runtime:2.3.4] AndroidManifest.xml:28:22-74
23
24    <permission
24-->[androidx.core:core:1.16.0] AndroidManifest.xml:22:5-24:47
25        android:name="com.faithForward.media.DYNAMIC_RECEIVER_NOT_EXPORTED_PERMISSION"
25-->[androidx.core:core:1.16.0] AndroidManifest.xml:23:9-81
26        android:protectionLevel="signature" />
26-->[androidx.core:core:1.16.0] AndroidManifest.xml:24:9-44
27
28    <uses-permission android:name="com.faithForward.media.DYNAMIC_RECEIVER_NOT_EXPORTED_PERMISSION" />
28-->[androidx.core:core:1.16.0] AndroidManifest.xml:26:5-97
28-->[androidx.core:core:1.16.0] AndroidManifest.xml:26:22-94
29
30    <application
30-->src\main\AndroidManifest.xml:15:5-40:19
31        android:name="com.faithForward.media.App"
31-->src\main\AndroidManifest.xml:17:9-28
32        android:allowBackup="true"
32-->src\main\AndroidManifest.xml:16:9-35
33        android:appComponentFactory="androidx.core.app.CoreComponentFactory"
33-->[androidx.core:core:1.16.0] AndroidManifest.xml:28:18-86
34        android:banner="@drawable/ic_launcher_background"
34-->src\main\AndroidManifest.xml:19:9-58
35        android:dataExtractionRules="@xml/data_extraction_rules"
35-->src\main\AndroidManifest.xml:20:9-65
36        android:debuggable="true"
37        android:extractNativeLibs="false"
38        android:fullBackupContent="@xml/backup_rules"
38-->src\main\AndroidManifest.xml:21:9-54
39        android:icon="@mipmap/ic_launcher"
39-->src\main\AndroidManifest.xml:22:9-43
40        android:label="@string/app_name"
40-->src\main\AndroidManifest.xml:23:9-41
41        android:roundIcon="@mipmap/ic_launcher_round"
41-->src\main\AndroidManifest.xml:24:9-54
42        android:supportsRtl="true"
42-->src\main\AndroidManifest.xml:25:9-35
43        android:testOnly="true"
44        android:theme="@style/Theme.Ffmedia"
44-->src\main\AndroidManifest.xml:26:9-45
45        android:usesCleartextTraffic="true" >
45-->src\main\AndroidManifest.xml:18:9-44
46        <activity
46-->src\main\AndroidManifest.xml:28:9-39:20
47            android:name="com.faithForward.media.activity.MainActivity"
47-->src\main\AndroidManifest.xml:29:13-50
48            android:exported="true"
48-->src\main\AndroidManifest.xml:30:13-36
49            android:label="@string/app_name"
49-->src\main\AndroidManifest.xml:31:13-45
50            android:theme="@style/Theme.Ffmedia" >
50-->src\main\AndroidManifest.xml:32:13-49
51            <intent-filter>
51-->src\main\AndroidManifest.xml:33:13-38:29
52                <action android:name="android.intent.action.MAIN" />
52-->src\main\AndroidManifest.xml:34:17-69
52-->src\main\AndroidManifest.xml:34:25-66
53
54                <category android:name="android.intent.category.LEANBACK_LAUNCHER" />
54-->src\main\AndroidManifest.xml:36:17-86
54-->src\main\AndroidManifest.xml:36:27-83
55                <category android:name="android.intent.category.LAUNCHER" />
55-->src\main\AndroidManifest.xml:37:17-77
55-->src\main\AndroidManifest.xml:37:27-74
56            </intent-filter>
57        </activity>
58        <activity
58-->[androidx.compose.ui:ui-tooling-android:1.7.8] AndroidManifest.xml:23:9-25:39
59            android:name="androidx.compose.ui.tooling.PreviewActivity"
59-->[androidx.compose.ui:ui-tooling-android:1.7.8] AndroidManifest.xml:24:13-71
60            android:exported="true" />
60-->[androidx.compose.ui:ui-tooling-android:1.7.8] AndroidManifest.xml:25:13-36
61
62        <provider
62-->[androidx.work:work-runtime:2.3.4] AndroidManifest.xml:31:9-37:35
63            android:name="androidx.work.impl.WorkManagerInitializer"
63-->[androidx.work:work-runtime:2.3.4] AndroidManifest.xml:32:13-69
64            android:authorities="com.faithForward.media.workmanager-init"
64-->[androidx.work:work-runtime:2.3.4] AndroidManifest.xml:33:13-68
65            android:directBootAware="false"
65-->[androidx.work:work-runtime:2.3.4] AndroidManifest.xml:34:13-44
66            android:exported="false"
66-->[androidx.work:work-runtime:2.3.4] AndroidManifest.xml:35:13-37
67            android:multiprocess="true" />
67-->[androidx.work:work-runtime:2.3.4] AndroidManifest.xml:36:13-40
68
69        <service
69-->[androidx.work:work-runtime:2.3.4] AndroidManifest.xml:39:9-44:35
70            android:name="androidx.work.impl.background.systemalarm.SystemAlarmService"
70-->[androidx.work:work-runtime:2.3.4] AndroidManifest.xml:40:13-88
71            android:directBootAware="false"
71-->[androidx.work:work-runtime:2.3.4] AndroidManifest.xml:41:13-44
72            android:enabled="@bool/enable_system_alarm_service_default"
72-->[androidx.work:work-runtime:2.3.4] AndroidManifest.xml:42:13-72
73            android:exported="false" />
73-->[androidx.work:work-runtime:2.3.4] AndroidManifest.xml:43:13-37
74        <service
74-->[androidx.work:work-runtime:2.3.4] AndroidManifest.xml:45:9-51:35
75            android:name="androidx.work.impl.background.systemjob.SystemJobService"
75-->[androidx.work:work-runtime:2.3.4] AndroidManifest.xml:46:13-84
76            android:directBootAware="false"
76-->[androidx.work:work-runtime:2.3.4] AndroidManifest.xml:47:13-44
77            android:enabled="@bool/enable_system_job_service_default"
77-->[androidx.work:work-runtime:2.3.4] AndroidManifest.xml:48:13-70
78            android:exported="true"
78-->[androidx.work:work-runtime:2.3.4] AndroidManifest.xml:49:13-36
79            android:permission="android.permission.BIND_JOB_SERVICE" />
79-->[androidx.work:work-runtime:2.3.4] AndroidManifest.xml:50:13-69
80        <service
80-->[androidx.work:work-runtime:2.3.4] AndroidManifest.xml:52:9-57:35
81            android:name="androidx.work.impl.foreground.SystemForegroundService"
81-->[androidx.work:work-runtime:2.3.4] AndroidManifest.xml:53:13-81
82            android:directBootAware="false"
82-->[androidx.work:work-runtime:2.3.4] AndroidManifest.xml:54:13-44
83            android:enabled="@bool/enable_system_foreground_service_default"
83-->[androidx.work:work-runtime:2.3.4] AndroidManifest.xml:55:13-77
84            android:exported="false" />
84-->[androidx.work:work-runtime:2.3.4] AndroidManifest.xml:56:13-37
85
86        <receiver
86-->[androidx.work:work-runtime:2.3.4] AndroidManifest.xml:59:9-64:35
87            android:name="androidx.work.impl.utils.ForceStopRunnable$BroadcastReceiver"
87-->[androidx.work:work-runtime:2.3.4] AndroidManifest.xml:60:13-88
88            android:directBootAware="false"
88-->[androidx.work:work-runtime:2.3.4] AndroidManifest.xml:61:13-44
89            android:enabled="true"
89-->[androidx.work:work-runtime:2.3.4] AndroidManifest.xml:62:13-35
90            android:exported="false" />
90-->[androidx.work:work-runtime:2.3.4] AndroidManifest.xml:63:13-37
91        <receiver
91-->[androidx.work:work-runtime:2.3.4] AndroidManifest.xml:65:9-75:20
92            android:name="androidx.work.impl.background.systemalarm.ConstraintProxy$BatteryChargingProxy"
92-->[androidx.work:work-runtime:2.3.4] AndroidManifest.xml:66:13-106
93            android:directBootAware="false"
93-->[androidx.work:work-runtime:2.3.4] AndroidManifest.xml:67:13-44
94            android:enabled="false"
94-->[androidx.work:work-runtime:2.3.4] AndroidManifest.xml:68:13-36
95            android:exported="false" >
95-->[androidx.work:work-runtime:2.3.4] AndroidManifest.xml:69:13-37
96            <intent-filter>
96-->[androidx.work:work-runtime:2.3.4] AndroidManifest.xml:71:13-74:29
97                <action android:name="android.intent.action.ACTION_POWER_CONNECTED" />
97-->[androidx.work:work-runtime:2.3.4] AndroidManifest.xml:72:17-87
97-->[androidx.work:work-runtime:2.3.4] AndroidManifest.xml:72:25-84
98                <action android:name="android.intent.action.ACTION_POWER_DISCONNECTED" />
98-->[androidx.work:work-runtime:2.3.4] AndroidManifest.xml:73:17-90
98-->[androidx.work:work-runtime:2.3.4] AndroidManifest.xml:73:25-87
99            </intent-filter>
100        </receiver>
101        <receiver
101-->[androidx.work:work-runtime:2.3.4] AndroidManifest.xml:76:9-86:20
102            android:name="androidx.work.impl.background.systemalarm.ConstraintProxy$BatteryNotLowProxy"
102-->[androidx.work:work-runtime:2.3.4] AndroidManifest.xml:77:13-104
103            android:directBootAware="false"
103-->[androidx.work:work-runtime:2.3.4] AndroidManifest.xml:78:13-44
104            android:enabled="false"
104-->[androidx.work:work-runtime:2.3.4] AndroidManifest.xml:79:13-36
105            android:exported="false" >
105-->[androidx.work:work-runtime:2.3.4] AndroidManifest.xml:80:13-37
106            <intent-filter>
106-->[androidx.work:work-runtime:2.3.4] AndroidManifest.xml:82:13-85:29
107                <action android:name="android.intent.action.BATTERY_OKAY" />
107-->[androidx.work:work-runtime:2.3.4] AndroidManifest.xml:83:17-77
107-->[androidx.work:work-runtime:2.3.4] AndroidManifest.xml:83:25-74
108                <action android:name="android.intent.action.BATTERY_LOW" />
108-->[androidx.work:work-runtime:2.3.4] AndroidManifest.xml:84:17-76
108-->[androidx.work:work-runtime:2.3.4] AndroidManifest.xml:84:25-73
109            </intent-filter>
110        </receiver>
111        <receiver
111-->[androidx.work:work-runtime:2.3.4] AndroidManifest.xml:87:9-97:20
112            android:name="androidx.work.impl.background.systemalarm.ConstraintProxy$StorageNotLowProxy"
112-->[androidx.work:work-runtime:2.3.4] AndroidManifest.xml:88:13-104
113            android:directBootAware="false"
113-->[androidx.work:work-runtime:2.3.4] AndroidManifest.xml:89:13-44
114            android:enabled="false"
114-->[androidx.work:work-runtime:2.3.4] AndroidManifest.xml:90:13-36
115            android:exported="false" >
115-->[androidx.work:work-runtime:2.3.4] AndroidManifest.xml:91:13-37
116            <intent-filter>
116-->[androidx.work:work-runtime:2.3.4] AndroidManifest.xml:93:13-96:29
117                <action android:name="android.intent.action.DEVICE_STORAGE_LOW" />
117-->[androidx.work:work-runtime:2.3.4] AndroidManifest.xml:94:17-83
117-->[androidx.work:work-runtime:2.3.4] AndroidManifest.xml:94:25-80
118                <action android:name="android.intent.action.DEVICE_STORAGE_OK" />
118-->[androidx.work:work-runtime:2.3.4] AndroidManifest.xml:95:17-82
118-->[androidx.work:work-runtime:2.3.4] AndroidManifest.xml:95:25-79
119            </intent-filter>
120        </receiver>
121        <receiver
121-->[androidx.work:work-runtime:2.3.4] AndroidManifest.xml:98:9-107:20
122            android:name="androidx.work.impl.background.systemalarm.ConstraintProxy$NetworkStateProxy"
122-->[androidx.work:work-runtime:2.3.4] AndroidManifest.xml:99:13-103
123            android:directBootAware="false"
123-->[androidx.work:work-runtime:2.3.4] AndroidManifest.xml:100:13-44
124            android:enabled="false"
124-->[androidx.work:work-runtime:2.3.4] AndroidManifest.xml:101:13-36
125            android:exported="false" >
125-->[androidx.work:work-runtime:2.3.4] AndroidManifest.xml:102:13-37
126            <intent-filter>
126-->[androidx.work:work-runtime:2.3.4] AndroidManifest.xml:104:13-106:29
127                <action android:name="android.net.conn.CONNECTIVITY_CHANGE" />
127-->[androidx.work:work-runtime:2.3.4] AndroidManifest.xml:105:17-79
127-->[androidx.work:work-runtime:2.3.4] AndroidManifest.xml:105:25-76
128            </intent-filter>
129        </receiver>
130        <receiver
130-->[androidx.work:work-runtime:2.3.4] AndroidManifest.xml:108:9-119:20
131            android:name="androidx.work.impl.background.systemalarm.RescheduleReceiver"
131-->[androidx.work:work-runtime:2.3.4] AndroidManifest.xml:109:13-88
132            android:directBootAware="false"
132-->[androidx.work:work-runtime:2.3.4] AndroidManifest.xml:110:13-44
133            android:enabled="false"
133-->[androidx.work:work-runtime:2.3.4] AndroidManifest.xml:111:13-36
134            android:exported="false" >
134-->[androidx.work:work-runtime:2.3.4] AndroidManifest.xml:112:13-37
135            <intent-filter>
135-->[androidx.work:work-runtime:2.3.4] AndroidManifest.xml:114:13-118:29
136                <action android:name="android.intent.action.BOOT_COMPLETED" />
136-->[androidx.work:work-runtime:2.3.4] AndroidManifest.xml:115:17-79
136-->[androidx.work:work-runtime:2.3.4] AndroidManifest.xml:115:25-76
137                <action android:name="android.intent.action.TIME_SET" />
137-->[androidx.work:work-runtime:2.3.4] AndroidManifest.xml:116:17-73
137-->[androidx.work:work-runtime:2.3.4] AndroidManifest.xml:116:25-70
138                <action android:name="android.intent.action.TIMEZONE_CHANGED" />
138-->[androidx.work:work-runtime:2.3.4] AndroidManifest.xml:117:17-81
138-->[androidx.work:work-runtime:2.3.4] AndroidManifest.xml:117:25-78
139            </intent-filter>
140        </receiver>
141        <receiver
141-->[androidx.work:work-runtime:2.3.4] AndroidManifest.xml:120:9-129:20
142            android:name="androidx.work.impl.background.systemalarm.ConstraintProxyUpdateReceiver"
142-->[androidx.work:work-runtime:2.3.4] AndroidManifest.xml:121:13-99
143            android:directBootAware="false"
143-->[androidx.work:work-runtime:2.3.4] AndroidManifest.xml:122:13-44
144            android:enabled="@bool/enable_system_alarm_service_default"
144-->[androidx.work:work-runtime:2.3.4] AndroidManifest.xml:123:13-72
145            android:exported="false" >
145-->[androidx.work:work-runtime:2.3.4] AndroidManifest.xml:124:13-37
146            <intent-filter>
146-->[androidx.work:work-runtime:2.3.4] AndroidManifest.xml:126:13-128:29
147                <action android:name="androidx.work.impl.background.systemalarm.UpdateProxies" />
147-->[androidx.work:work-runtime:2.3.4] AndroidManifest.xml:127:17-98
147-->[androidx.work:work-runtime:2.3.4] AndroidManifest.xml:127:25-95
148            </intent-filter>
149        </receiver>
150
151        <provider
151-->[androidx.emoji2:emoji2:1.3.0] AndroidManifest.xml:24:9-32:20
152            android:name="androidx.startup.InitializationProvider"
152-->[androidx.emoji2:emoji2:1.3.0] AndroidManifest.xml:25:13-67
153            android:authorities="com.faithForward.media.androidx-startup"
153-->[androidx.emoji2:emoji2:1.3.0] AndroidManifest.xml:26:13-68
154            android:exported="false" >
154-->[androidx.emoji2:emoji2:1.3.0] AndroidManifest.xml:27:13-37
155            <meta-data
155-->[androidx.emoji2:emoji2:1.3.0] AndroidManifest.xml:29:13-31:52
156                android:name="androidx.emoji2.text.EmojiCompatInitializer"
156-->[androidx.emoji2:emoji2:1.3.0] AndroidManifest.xml:30:17-75
157                android:value="androidx.startup" />
157-->[androidx.emoji2:emoji2:1.3.0] AndroidManifest.xml:31:17-49
158            <meta-data
158-->[androidx.lifecycle:lifecycle-process:2.9.0] AndroidManifest.xml:29:13-31:52
159                android:name="androidx.lifecycle.ProcessLifecycleInitializer"
159-->[androidx.lifecycle:lifecycle-process:2.9.0] AndroidManifest.xml:30:17-78
160                android:value="androidx.startup" />
160-->[androidx.lifecycle:lifecycle-process:2.9.0] AndroidManifest.xml:31:17-49
161            <meta-data
161-->[androidx.profileinstaller:profileinstaller:1.4.1] AndroidManifest.xml:29:13-31:52
162                android:name="androidx.profileinstaller.ProfileInstallerInitializer"
162-->[androidx.profileinstaller:profileinstaller:1.4.1] AndroidManifest.xml:30:17-85
163                android:value="androidx.startup" />
163-->[androidx.profileinstaller:profileinstaller:1.4.1] AndroidManifest.xml:31:17-49
164        </provider>
165
166        <activity
166-->[androidx.compose.ui:ui-test-manifest:1.7.8] AndroidManifest.xml:23:9-25:39
167            android:name="androidx.activity.ComponentActivity"
167-->[androidx.compose.ui:ui-test-manifest:1.7.8] AndroidManifest.xml:24:13-63
168            android:exported="true" />
168-->[androidx.compose.ui:ui-test-manifest:1.7.8] AndroidManifest.xml:25:13-36
169
170        <receiver
170-->[androidx.profileinstaller:profileinstaller:1.4.1] AndroidManifest.xml:34:9-52:20
171            android:name="androidx.profileinstaller.ProfileInstallReceiver"
171-->[androidx.profileinstaller:profileinstaller:1.4.1] AndroidManifest.xml:35:13-76
172            android:directBootAware="false"
172-->[androidx.profileinstaller:profileinstaller:1.4.1] AndroidManifest.xml:36:13-44
173            android:enabled="true"
173-->[androidx.profileinstaller:profileinstaller:1.4.1] AndroidManifest.xml:37:13-35
174            android:exported="true"
174-->[androidx.profileinstaller:profileinstaller:1.4.1] AndroidManifest.xml:38:13-36
175            android:permission="android.permission.DUMP" >
175-->[androidx.profileinstaller:profileinstaller:1.4.1] AndroidManifest.xml:39:13-57
176            <intent-filter>
176-->[androidx.profileinstaller:profileinstaller:1.4.1] AndroidManifest.xml:40:13-42:29
177                <action android:name="androidx.profileinstaller.action.INSTALL_PROFILE" />
177-->[androidx.profileinstaller:profileinstaller:1.4.1] AndroidManifest.xml:41:17-91
177-->[androidx.profileinstaller:profileinstaller:1.4.1] AndroidManifest.xml:41:25-88
178            </intent-filter>
179            <intent-filter>
179-->[androidx.profileinstaller:profileinstaller:1.4.1] AndroidManifest.xml:43:13-45:29
180                <action android:name="androidx.profileinstaller.action.SKIP_FILE" />
180-->[androidx.profileinstaller:profileinstaller:1.4.1] AndroidManifest.xml:44:17-85
180-->[androidx.profileinstaller:profileinstaller:1.4.1] AndroidManifest.xml:44:25-82
181            </intent-filter>
182            <intent-filter>
182-->[androidx.profileinstaller:profileinstaller:1.4.1] AndroidManifest.xml:46:13-48:29
183                <action android:name="androidx.profileinstaller.action.SAVE_PROFILE" />
183-->[androidx.profileinstaller:profileinstaller:1.4.1] AndroidManifest.xml:47:17-88
183-->[androidx.profileinstaller:profileinstaller:1.4.1] AndroidManifest.xml:47:25-85
184            </intent-filter>
185            <intent-filter>
185-->[androidx.profileinstaller:profileinstaller:1.4.1] AndroidManifest.xml:49:13-51:29
186                <action android:name="androidx.profileinstaller.action.BENCHMARK_OPERATION" />
186-->[androidx.profileinstaller:profileinstaller:1.4.1] AndroidManifest.xml:50:17-95
186-->[androidx.profileinstaller:profileinstaller:1.4.1] AndroidManifest.xml:50:25-92
187            </intent-filter>
188        </receiver>
189
190        <service
190-->[androidx.room:room-runtime:2.2.3] AndroidManifest.xml:25:9-27:40
191            android:name="androidx.room.MultiInstanceInvalidationService"
191-->[androidx.room:room-runtime:2.2.3] AndroidManifest.xml:26:13-74
192            android:exported="false" />
192-->[androidx.room:room-runtime:2.2.3] AndroidManifest.xml:27:13-37
193    </application>
194
195</manifest>